Performing C SOURCE FILE Test CMAKE_HAVE_LIBC_PTHREAD failed with the following output:
Change Dir: D:/data/Desktop/face/ncnn-android-scrfd/app/.cxx/RelWithDebInfo/44224p6i/armeabi-v7a/CMakeFiles/CMakeTmp

Run Build Command(s):D:\data\Android\SDK\cmake\3.22.1\bin\ninja.exe cmTC_798b9 && [1/2] Building C object CMakeFiles/cmTC_798b9.dir/src.c.o
D:/data/Desktop/face/ncnn-android-scrfd/app/.cxx/RelWithDebInfo/44224p6i/armeabi-v7a/CMakeFiles/CMakeTmp/src.c:13:3: warning: implicit declaration of function 'pthread_cancel' is invalid in C99 [-Wimplicit-function-declaration]
  pthread_cancel(thread);
  ^
1 warning generated.
[2/2] Linking C executable cmTC_798b9
FAILED: cmTC_798b9 
cmd.exe /C "cd . && D:\data\Android\SDK\ndk\25.2.9519653\toolchains\llvm\prebuilt\windows-x86_64\bin\clang.exe --target=armv7-none-linux-androideabi24 --sysroot=D:/data/Android/SDK/ndk/25.2.9519653/toolchains/llvm/prebuilt/windows-x86_64/sysroot -g -DANDROID -fdata-sections -ffunction-sections -funwind-tables -fstack-protector-strong -no-canonical-prefixes -D_FORTIFY_SOURCE=2 -march=armv7-a -mthumb -Wformat -Werror=format-security -static-libstdc++ -Wl,--build-id=sha1 -Wl,--no-rosegment -Wl,--fatal-warnings -Wl,--no-undefined -Qunused-arguments CMakeFiles/cmTC_798b9.dir/src.c.o -o cmTC_798b9  -latomic -lm && cd ."
ld: error: undefined symbol: pthread_cancel
>>> referenced by src.c:13
>>>               CMakeFiles/cmTC_798b9.dir/src.c.o:(main)
clang: error: linker command failed with exit code 1 (use -v to see invocation)
ninja: build stopped: subcommand failed.


Source file was:
#include <pthread.h>

static void* test_func(void* data)
{
  return data;
}

int main(void)
{
  pthread_t thread;
  pthread_create(&thread, NULL, test_func, NULL);
  pthread_detach(thread);
  pthread_cancel(thread);
  pthread_join(thread, NULL);
  pthread_atfork(NULL, NULL, NULL);
  pthread_exit(NULL);

  return 0;
}

